{"C:\\Users\\w3dev\\Desktop\\puppeteer-githubActions\\testfile\\controllers\\googleLoginNext.js": {"path":"C:\\Users\\w3dev\\Desktop\\puppeteer-githubActions\\testfile\\controllers\\googleLoginNext.js","statementMap":{"0":{"start":{"line":2,"column":14},"end":{"line":2,"column":45}},"1":{"start":{"line":7,"column":33},"end":{"line":47,"column":1}},"2":{"start":{"line":8,"column":23},"end":{"line":8,"column":90}},"3":{"start":{"line":9,"column":4},"end":{"line":9,"column":33}},"4":{"start":{"line":10,"column":4},"end":{"line":10,"column":43}},"5":{"start":{"line":11,"column":4},"end":{"line":11,"column":21}},"6":{"start":{"line":12,"column":4},"end":{"line":12,"column":262}},"7":{"start":{"line":13,"column":4},"end":{"line":13,"column":48}},"8":{"start":{"line":14,"column":4},"end":{"line":14,"column":22}},"9":{"start":{"line":15,"column":19},"end":{"line":15,"column":29}},"10":{"start":{"line":16,"column":4},"end":{"line":16,"column":63}},"11":{"start":{"line":18,"column":4},"end":{"line":46,"column":5}},"12":{"start":{"line":19,"column":8},"end":{"line":19,"column":58}},"13":{"start":{"line":20,"column":8},"end":{"line":20,"column":25}},"14":{"start":{"line":21,"column":8},"end":{"line":21,"column":43}},"15":{"start":{"line":24,"column":8},"end":{"line":24,"column":63}},"16":{"start":{"line":25,"column":8},"end":{"line":25,"column":25}},"17":{"start":{"line":26,"column":8},"end":{"line":26,"column":61}},"18":{"start":{"line":27,"column":8},"end":{"line":27,"column":63}},"19":{"start":{"line":30,"column":8},"end":{"line":30,"column":266}},"20":{"start":{"line":31,"column":8},"end":{"line":31,"column":26}},"21":{"start":{"line":32,"column":29},"end":{"line":32,"column":39}},"22":{"start":{"line":34,"column":8},"end":{"line":34,"column":58}},"23":{"start":{"line":36,"column":8},"end":{"line":36,"column":25}},"24":{"start":{"line":37,"column":8},"end":{"line":44,"column":9}},"25":{"start":{"line":38,"column":12},"end":{"line":38,"column":76}},"26":{"start":{"line":39,"column":12},"end":{"line":39,"column":29}},"27":{"start":{"line":40,"column":12},"end":{"line":40,"column":64}},"28":{"start":{"line":43,"column":8},"end":{"line":43,"column":49}},"29":{"start":{"line":49,"column":0},"end":{"line":49,"column":41}}},"fnMap":{"0":{"name":"(anonymous_0)","decl":{"start":{"line":7,"column":33},"end":{"line":7,"column":34}},"loc":{"start":{"line":7,"column":49},"end":{"line":47,"column":1}},"line":7}},"branchMap":{"0":{"loc":{"start":{"line":18,"column":4},"end":{"line":46,"column":5}},"type":"if","locations":[{"start":{"line":18,"column":4},"end":{"line":46,"column":5}},{"start":{"line":23,"column":9},"end":{"line":46,"column":5}}],"line":18},"1":{"loc":{"start":{"line":37,"column":8},"end":{"line":44,"column":9}},"type":"if","locations":[{"start":{"line":37,"column":8},"end":{"line":44,"column":9}},{"start":{"line":42,"column":13},"end":{"line":44,"column":9}}],"line":37}},"s":{"0":1,"1":1,"2":1,"3":1,"4":1,"5":1,"6":1,"7":1,"8":1,"9":1,"10":1,"11":1,"12":1,"13":1,"14":1,"15":0,"16":0,"17":0,"18":0,"19":0,"20":0,"21":0,"22":0,"23":0,"24":0,"25":0,"26":0,"27":0,"28":0,"29":1},"f":{"0":1},"b":{"0":[1,0],"1":[0,0]},"_coverageSchema":"1a1c01bbd47fc00a2c39e90264f33305004495a9","hash":"4b030a9a28a281efc8b50f5c46faec569e68bcfa"}
,"C:\\Users\\w3dev\\Desktop\\puppeteer-githubActions\\utils\\googleLogin.js": {"path":"C:\\Users\\w3dev\\Desktop\\puppeteer-githubActions\\utils\\googleLogin.js","statementMap":{"0":{"start":{"line":3,"column":27},"end":{"line":27,"column":1}},"1":{"start":{"line":4,"column":4},"end":{"line":4,"column":45}},"2":{"start":{"line":5,"column":4},"end":{"line":5,"column":48}},"3":{"start":{"line":6,"column":27},"end":{"line":6,"column":53}},"4":{"start":{"line":7,"column":27},"end":{"line":7,"column":53}},"5":{"start":{"line":9,"column":21},"end":{"line":9,"column":112}},"6":{"start":{"line":11,"column":4},"end":{"line":11,"column":52}},"7":{"start":{"line":13,"column":4},"end":{"line":13,"column":60}},"8":{"start":{"line":14,"column":4},"end":{"line":14,"column":40}},"9":{"start":{"line":15,"column":4},"end":{"line":15,"column":64}},"10":{"start":{"line":16,"column":4},"end":{"line":16,"column":22}},"11":{"start":{"line":18,"column":4},"end":{"line":18,"column":53}},"12":{"start":{"line":19,"column":4},"end":{"line":19,"column":69}},"13":{"start":{"line":20,"column":4},"end":{"line":20,"column":40}},"14":{"start":{"line":21,"column":4},"end":{"line":21,"column":70}},"15":{"start":{"line":22,"column":4},"end":{"line":22,"column":22}},"16":{"start":{"line":24,"column":4},"end":{"line":24,"column":55}},"17":{"start":{"line":29,"column":0},"end":{"line":29,"column":35}}},"fnMap":{"0":{"name":"(anonymous_0)","decl":{"start":{"line":3,"column":27},"end":{"line":3,"column":28}},"loc":{"start":{"line":3,"column":51},"end":{"line":27,"column":1}},"line":3}},"branchMap":{},"s":{"0":1,"1":1,"2":1,"3":1,"4":1,"5":1,"6":1,"7":1,"8":1,"9":1,"10":1,"11":1,"12":1,"13":1,"14":1,"15":1,"16":1,"17":1},"f":{"0":1},"b":{},"_coverageSchema":"1a1c01bbd47fc00a2c39e90264f33305004495a9","hash":"27af1bbf5a47a05c0727169fe8132704febe2225"}
,"C:\\Users\\w3dev\\Desktop\\puppeteer-githubActions\\utils\\sleep.js": {"path":"C:\\Users\\w3dev\\Desktop\\puppeteer-githubActions\\utils\\sleep.js","statementMap":{"0":{"start":{"line":1,"column":14},"end":{"line":5,"column":1}},"1":{"start":{"line":2,"column":4},"end":{"line":4,"column":7}},"2":{"start":{"line":3,"column":8},"end":{"line":3,"column":32}},"3":{"start":{"line":7,"column":0},"end":{"line":7,"column":22}}},"fnMap":{"0":{"name":"sleep","decl":{"start":{"line":1,"column":29},"end":{"line":1,"column":34}},"loc":{"start":{"line":1,"column":39},"end":{"line":5,"column":1}},"line":1},"1":{"name":"(anonymous_1)","decl":{"start":{"line":2,"column":23},"end":{"line":2,"column":24}},"loc":{"start":{"line":2,"column":36},"end":{"line":4,"column":5}},"line":2}},"branchMap":{},"s":{"0":1,"1":17,"2":17,"3":1},"f":{"0":17,"1":17},"b":{},"_coverageSchema":"1a1c01bbd47fc00a2c39e90264f33305004495a9","hash":"bf2009da569d555816fbcef0a5a9c4812467ef34"}
}
